*** Starting uWSGI 2.0.18 (64bit) on [Thu Apr  2 16:21:23 2020] ***
compiled with version: 7.5.0 on 02 April 2020 03:54:45
os: Linux-5.3.0-45-generic #37~18.04.1-Ubuntu SMP Fri Mar 27 15:58:10 UTC 2020
nodename: tedu
machine: x86_64
clock source: unix
detected number of CPU cores: 2
current working directory: /home/tarena/桌面/VsCode/month03/django/day23_django/code/demo01/demo01
writing pidfile to uwsgi.pid
detected binary path: /usr/local/bin/uwsgi
!!! no internal routing support, rebuild with pcre support !!!
uWSGI running as root, you can use --uid/--gid/--chroot options
*** WARNING: you are running uWSGI as root !!! (use the --uid flag) *** 
chdir() to /home/tarena/桌面/VsCode/month03/django/day23_django/code/demo01
your processes number limit is 31553
your memory page size is 4096 bytes
detected max file descriptor number: 1024
lock engine: pthread robust mutexes
thunder lock: disabled (you can enable it with --thunder-lock)
uWSGI http bound on 127.0.0.1:8000 fd 4
uwsgi socket 0 bound to TCP address 127.0.0.1:42673 (port auto-assigned) fd 3
uWSGI running as root, you can use --uid/--gid/--chroot options
*** WARNING: you are running uWSGI as root !!! (use the --uid flag) *** 
Python version: 3.6.9 (default, Nov  7 2019, 10:44:02)  [GCC 8.3.0]
Python main interpreter initialized at 0x5621fe0e0ad0
uWSGI running as root, you can use --uid/--gid/--chroot options
*** WARNING: you are running uWSGI as root !!! (use the --uid flag) *** 
python threads support enabled
your server socket listen backlog is limited to 100 connections
your mercy for graceful operations on workers is 60 seconds
mapped 166752 bytes (162 KB) for 2 cores
*** Operational MODE: threaded ***
WSGI app 0 (mountpoint='') ready in 0 seconds on interpreter 0x5621fe0e0ad0 pid: 9156 (default app)
uWSGI running as root, you can use --uid/--gid/--chroot options
*** WARNING: you are running uWSGI as root !!! (use the --uid flag) *** 
*** uWSGI is running in multiple interpreter mode ***
spawned uWSGI master process (pid: 9156)
spawned uWSGI worker 1 (pid: 9158, cores: 2)
spawned uWSGI http 1 (pid: 9160)
[pid: 9158|app: 0|req: 1/1] 127.0.0.1 () {38 vars in 713 bytes} [Thu Apr  2 16:23:55 2020] GET /test_page => generated 315 bytes in 151 msecs (HTTP/1.1 200) 3 headers in 109 bytes (1 switches on core 0)
Not Found: /favicon.ico
[pid: 9158|app: 0|req: 2/2] 127.0.0.1 () {36 vars in 622 bytes} [Thu Apr  2 16:23:56 2020] GET /favicon.ico => generated 2745 bytes in 12 msecs (HTTP/1.1 404) 3 headers in 102 bytes (1 switches on core 1)
SIGINT/SIGQUIT received...killing workers...
gateway "uWSGI http 1" has been buried (pid: 9160)
worker 1 buried after 1 seconds
goodbye to uWSGI.
*** Starting uWSGI 2.0.18 (64bit) on [Fri Apr  3 10:35:02 2020] ***
compiled with version: 7.5.0 on 02 April 2020 03:54:45
os: Linux-5.3.0-45-generic #37~18.04.1-Ubuntu SMP Fri Mar 27 15:58:10 UTC 2020
nodename: tedu
machine: x86_64
clock source: unix
detected number of CPU cores: 2
current working directory: /home/tarena/桌面/VsCode/month03/django/day23_django/code/demo01/demo01
writing pidfile to uwsgi.pid
detected binary path: /usr/local/bin/uwsgi
!!! no internal routing support, rebuild with pcre support !!!
chdir() to /home/tarena/桌面/VsCode/month03/django/day23_django/code/demo01
your processes number limit is 31553
your memory page size is 4096 bytes
detected max file descriptor number: 1024
lock engine: pthread robust mutexes
thunder lock: disabled (you can enable it with --thunder-lock)
uwsgi socket 0 bound to TCP address 127.0.0.1:8000 fd 3
Python version: 3.6.9 (default, Nov  7 2019, 10:44:02)  [GCC 8.3.0]
Python main interpreter initialized at 0x56297f60e790
python threads support enabled
your server socket listen backlog is limited to 100 connections
your mercy for graceful operations on workers is 60 seconds
mapped 166752 bytes (162 KB) for 2 cores
*** Operational MODE: threaded ***
WSGI app 0 (mountpoint='') ready in 3 seconds on interpreter 0x56297f60e790 pid: 8958 (default app)
*** uWSGI is running in multiple interpreter mode ***
spawned uWSGI master process (pid: 8958)
spawned uWSGI worker 1 (pid: 8960, cores: 2)
Not Found: /test_mw
[pid: 8960|app: 0|req: 1/1] 127.0.0.1 () {42 vars in 750 bytes} [Fri Apr  3 10:37:13 2020] GET /test_mw => generated 2728 bytes in 103 msecs (HTTP/1.1 404) 3 headers in 102 bytes (1 switches on core 0)
Not Found: /favicon.ico
[pid: 8960|app: 0|req: 2/2] 127.0.0.1 () {40 vars in 663 bytes} [Fri Apr  3 10:37:13 2020] GET /favicon.ico => generated 2740 bytes in 4 msecs (HTTP/1.1 404) 3 headers in 102 bytes (1 switches on core 1)
-----mw view do
[pid: 8960|app: 0|req: 3/3] 127.0.0.1 () {42 vars in 750 bytes} [Fri Apr  3 10:38:00 2020] GET /test_mv => generated 21 bytes in 1 msecs (HTTP/1.1 200) 3 headers in 108 bytes (1 switches on core 0)
-----mw view do
[pid: 8960|app: 0|req: 4/4] 127.0.0.1 () {44 vars in 781 bytes} [Fri Apr  3 10:38:17 2020] GET /test_mv => generated 21 bytes in 1 msecs (HTTP/1.1 200) 3 headers in 108 bytes (1 switches on core 1)
*** Starting uWSGI 2.0.18 (64bit) on [Fri Apr  3 11:02:16 2020] ***
compiled with version: 7.5.0 on 02 April 2020 03:54:45
os: Linux-5.3.0-45-generic #37~18.04.1-Ubuntu SMP Fri Mar 27 15:58:10 UTC 2020
nodename: tedu
machine: x86_64
clock source: unix
detected number of CPU cores: 2
current working directory: /home/tarena/桌面/VsCode/month03/django/day23_django/code/demo01/demo01
writing pidfile to uwsgi.pid
detected binary path: /usr/local/bin/uwsgi
!!! no internal routing support, rebuild with pcre support !!!
chdir() to /home/tarena/桌面/VsCode/month03/django/day23_django/code/demo01
your processes number limit is 31553
your memory page size is 4096 bytes
detected max file descriptor number: 1024
lock engine: pthread robust mutexes
thunder lock: disabled (you can enable it with --thunder-lock)
uwsgi socket 0 bound to TCP address 127.0.0.1:8000 fd 3
Python version: 3.6.9 (default, Nov  7 2019, 10:44:02)  [GCC 8.3.0]
Python main interpreter initialized at 0x55a1e0f0c790
python threads support enabled
your server socket listen backlog is limited to 100 connections
your mercy for graceful operations on workers is 60 seconds
mapped 166752 bytes (162 KB) for 2 cores
*** Operational MODE: threaded ***
WSGI app 0 (mountpoint='') ready in 0 seconds on interpreter 0x55a1e0f0c790 pid: 10041 (default app)
*** uWSGI is running in multiple interpreter mode ***
spawned uWSGI master process (pid: 10041)
spawned uWSGI worker 1 (pid: 10043, cores: 2)
-----mw view do
[pid: 10043|app: 0|req: 1/1] 127.0.0.1 () {44 vars in 781 bytes} [Fri Apr  3 11:03:00 2020] GET /test_mv => generated 21 bytes in 36 msecs (HTTP/1.1 200) 3 headers in 108 bytes (1 switches on core 0)
-----mw view do
[pid: 10043|app: 0|req: 2/2] 127.0.0.1 () {44 vars in 781 bytes} [Fri Apr  3 11:03:06 2020] GET /test_mv => generated 21 bytes in 1 msecs (HTTP/1.1 200) 3 headers in 108 bytes (1 switches on core 1)
-----mw view do
[pid: 10043|app: 0|req: 3/3] 127.0.0.1 () {44 vars in 781 bytes} [Fri Apr  3 11:03:07 2020] GET /test_mv => generated 21 bytes in 1 msecs (HTTP/1.1 200) 3 headers in 108 bytes (1 switches on core 0)
-----mw view do
[pid: 10043|app: 0|req: 4/4] 127.0.0.1 () {44 vars in 781 bytes} [Fri Apr  3 11:03:08 2020] GET /test_mv => generated 21 bytes in 0 msecs (HTTP/1.1 200) 3 headers in 108 bytes (1 switches on core 1)
-----mw view do
[pid: 10043|app: 0|req: 5/5] 127.0.0.1 () {44 vars in 781 bytes} [Fri Apr  3 11:03:09 2020] GET /test_mv => generated 21 bytes in 1 msecs (HTTP/1.1 200) 3 headers in 108 bytes (1 switches on core 0)
[pid: 10043|app: 0|req: 6/6] 127.0.0.1 () {44 vars in 781 bytes} [Fri Apr  3 11:03:10 2020] GET /test_mv => generated 48 bytes in 0 msecs (HTTP/1.1 200) 3 headers in 108 bytes (1 switches on core 1)
[pid: 10043|app: 0|req: 7/7] 127.0.0.1 () {42 vars in 748 bytes} [Fri Apr  3 11:03:14 2020] GET /test_m => generated 80 bytes in 173 msecs (HTTP/1.1 404) 3 headers in 100 bytes (1 switches on core 0)
[pid: 10043|app: 0|req: 8/8] 127.0.0.1 () {44 vars in 779 bytes} [Fri Apr  3 11:03:41 2020] GET /test_m => generated 80 bytes in 1 msecs (HTTP/1.1 404) 3 headers in 100 bytes (1 switches on core 1)
[pid: 10043|app: 0|req: 9/9] 127.0.0.1 () {42 vars in 746 bytes} [Fri Apr  3 11:04:32 2020] GET /admin => generated 0 bytes in 1 msecs (HTTP/1.1 301) 3 headers in 112 bytes (1 switches on core 0)
[pid: 10043|app: 0|req: 10/10] 127.0.0.1 () {42 vars in 748 bytes} [Fri Apr  3 11:04:32 2020] GET /admin/ => generated 0 bytes in 118 msecs (HTTP/1.1 302) 7 headers in 265 bytes (1 switches on core 1)
[pid: 10043|app: 0|req: 11/11] 127.0.0.1 () {42 vars in 785 bytes} [Fri Apr  3 11:04:32 2020] GET /admin/login/?next=/admin/ => generated 1652 bytes in 233 msecs (HTTP/1.1 200) 7 headers in 381 bytes (1 switches on core 0)
[pid: 10043|app: 0|req: 12/12] 127.0.0.1 () {42 vars in 753 bytes} [Fri Apr  3 11:04:32 2020] GET /static/admin/css/base.css => generated 99 bytes in 1 msecs (HTTP/1.1 404) 3 headers in 100 bytes (1 switches on core 1)
[pid: 10043|app: 0|req: 13/13] 127.0.0.1 () {42 vars in 755 bytes} [Fri Apr  3 11:04:32 2020] GET /static/admin/css/login.css => generated 100 bytes in 2 msecs (HTTP/1.1 404) 3 headers in 101 bytes (1 switches on core 1)
[pid: 10043|app: 0|req: 14/14] 127.0.0.1 () {44 vars in 806 bytes} [Fri Apr  3 11:05:00 2020] GET /admin/ => generated 0 bytes in 1 msecs (HTTP/1.1 302) 7 headers in 265 bytes (1 switches on core 1)
[pid: 10043|app: 0|req: 15/15] 127.0.0.1 () {44 vars in 843 bytes} [Fri Apr  3 11:05:00 2020] GET /admin/login/?next=/admin/ => generated 1652 bytes in 6 msecs (HTTP/1.1 200) 7 headers in 381 bytes (1 switches on core 1)
[pid: 10043|app: 0|req: 16/16] 127.0.0.1 () {42 vars in 753 bytes} [Fri Apr  3 11:05:00 2020] GET /static/admin/css/base.css => generated 99 bytes in 1 msecs (HTTP/1.1 404) 3 headers in 100 bytes (1 switches on core 0)
[pid: 10043|app: 0|req: 17/17] 127.0.0.1 () {42 vars in 755 bytes} [Fri Apr  3 11:05:00 2020] GET /static/admin/css/login.css => generated 100 bytes in 1 msecs (HTTP/1.1 404) 3 headers in 101 bytes (1 switches on core 0)
[pid: 10043|app: 0|req: 18/18] 127.0.0.1 () {46 vars in 874 bytes} [Fri Apr  3 11:26:16 2020] GET /admin/login/?next=/admin/ => generated 1652 bytes in 26 msecs (HTTP/1.1 200) 7 headers in 381 bytes (1 switches on core 1)
[pid: 10043|app: 0|req: 19/19] 127.0.0.1 () {50 vars in 991 bytes} [Fri Apr  3 11:27:21 2020] POST /admin/login/?next=/admin/ => generated 1782 bytes in 309 msecs (HTTP/1.1 200) 7 headers in 381 bytes (1 switches on core 0)
[pid: 10043|app: 0|req: 20/20] 127.0.0.1 () {50 vars in 991 bytes} [Fri Apr  3 11:27:36 2020] POST /admin/login/?next=/admin/ => generated 1782 bytes in 89 msecs (HTTP/1.1 200) 7 headers in 381 bytes (1 switches on core 1)
[pid: 10043|app: 0|req: 21/21] 127.0.0.1 () {50 vars in 991 bytes} [Fri Apr  3 11:27:47 2020] POST /admin/login/?next=/admin/ => generated 1782 bytes in 46 msecs (HTTP/1.1 200) 7 headers in 381 bytes (1 switches on core 0)
[pid: 10043|app: 0|req: 22/22] 127.0.0.1 () {50 vars in 991 bytes} [Fri Apr  3 11:27:56 2020] POST /admin/login/?next=/admin/ => generated 1782 bytes in 65 msecs (HTTP/1.1 200) 7 headers in 381 bytes (1 switches on core 1)
[pid: 10043|app: 0|req: 23/23] 127.0.0.1 () {52 vars in 1022 bytes} [Fri Apr  3 11:30:18 2020] POST /admin/login/?next=/admin/ => generated 1782 bytes in 65 msecs (HTTP/1.1 200) 7 headers in 381 bytes (1 switches on core 0)
SIGINT/SIGQUIT received...killing workers...
worker 1 buried after 1 seconds
goodbye to uWSGI.
*** Starting uWSGI 2.0.18 (64bit) on [Fri Apr  3 11:52:32 2020] ***
compiled with version: 7.5.0 on 02 April 2020 03:54:45
os: Linux-5.3.0-45-generic #37~18.04.1-Ubuntu SMP Fri Mar 27 15:58:10 UTC 2020
nodename: tedu
machine: x86_64
clock source: unix
detected number of CPU cores: 2
current working directory: /home/tarena/桌面/VsCode/month03/django/day23_django/code/demo01/demo01
writing pidfile to uwsgi.pid
detected binary path: /usr/local/bin/uwsgi
!!! no internal routing support, rebuild with pcre support !!!
chdir() to /home/tarena/桌面/VsCode/month03/django/day23_django/code/demo01
your processes number limit is 31553
your memory page size is 4096 bytes
detected max file descriptor number: 1024
lock engine: pthread robust mutexes
thunder lock: disabled (you can enable it with --thunder-lock)
uwsgi socket 0 bound to TCP address 127.0.0.1:8000 fd 3
Python version: 3.6.9 (default, Nov  7 2019, 10:44:02)  [GCC 8.3.0]
Python main interpreter initialized at 0x55e3afda9790
python threads support enabled
your server socket listen backlog is limited to 100 connections
your mercy for graceful operations on workers is 60 seconds
mapped 166752 bytes (162 KB) for 2 cores
*** Operational MODE: threaded ***
WSGI app 0 (mountpoint='') ready in 1 seconds on interpreter 0x55e3afda9790 pid: 12795 (default app)
*** uWSGI is running in multiple interpreter mode ***
spawned uWSGI master process (pid: 12795)
spawned uWSGI worker 1 (pid: 12797, cores: 2)
invalid request block size: 21573 (max 4096)...skip
invalid request block size: 21573 (max 4096)...skip
invalid request block size: 21573 (max 4096)...skip
invalid request block size: 21573 (max 4096)...skip
invalid request block size: 21573 (max 4096)...skip
invalid request block size: 21573 (max 4096)...skip
invalid request block size: 21573 (max 4096)...skip
invalid request block size: 21573 (max 4096)...skip
invalid request block size: 21573 (max 4096)...skip
invalid request block size: 21573 (max 4096)...skip
[pid: 12797|app: 0|req: 1/1] 127.0.0.1 () {42 vars in 742 bytes} [Fri Apr  3 11:53:03 2020] GET /123 => generated 183 bytes in 28 msecs (HTTP/1.1 404) 3 headers in 116 bytes (1 switches on core 1)
[pid: 12797|app: 0|req: 2/2] 127.0.0.1 () {42 vars in 748 bytes} [Fri Apr  3 11:54:15 2020] GET /admin/ => generated 0 bytes in 39 msecs (HTTP/1.1 302) 7 headers in 265 bytes (1 switches on core 0)
[pid: 12797|app: 0|req: 3/3] 127.0.0.1 () {42 vars in 785 bytes} [Fri Apr  3 11:54:15 2020] GET /admin/login/?next=/admin/ => generated 1652 bytes in 43 msecs (HTTP/1.1 200) 7 headers in 381 bytes (1 switches on core 1)
SIGINT/SIGQUIT received...killing workers...
worker 1 buried after 1 seconds
goodbye to uWSGI.
